<?xml version="1.0" encoding="UTF-8"?>
<!-- Generated by org.testng.reporters.JUnitReportReporter -->
<testsuite hostname="krishna" failures="0" tests="1" name="gitpracticesample.sample" time="0.012" errors="0" timestamp="2023-08-08T12:13:09 IST" skipped="0">
  <testcase classname="gitpracticesample.sample" name="sample1" time="0.012"/>
  <system-out/>
</testsuite> <!-- gitpracticesample.sample -->
