<?xml version="1.0" encoding="UTF-8"?>
<!-- Generated by org.testng.reporters.JUnitReportReporter -->
<testsuite hostname="krishna" failures="0" tests="1" name="gitpracticesample.demo" time="0.009" errors="0" timestamp="2023-08-08T10:48:42 IST" skipped="0">
  <testcase classname="gitpracticesample.demo" name="sample" time="0.009"/>
  <system-out/>
</testsuite> <!-- gitpracticesample.demo -->
